<?xml version="1.0" encoding="UTF-8"?>
<!-- Generated by org.testng.reporters.JUnitReportReporter -->
<testsuite hostname="LAPTOP-J9BJJDIO" failures="0" tests="1" name="practice2.ExcelFile" time="2.457" errors="0" timestamp="2022-09-07T11:52:52 IST" skipped="0">
  <testcase classname="practice2.ExcelFile" name="readExcel" time="2.457"/>
  <system-out/>
</testsuite> <!-- practice2.ExcelFile -->
