<?xml version="1.0" encoding="UTF-8"?>
<!-- Generated by org.testng.reporters.JUnitReportReporter -->
<testsuite hostname="LAPTOP-J9BJJDIO" failures="0" tests="1" name="practice2.MultipleWindowHandle" time="9.772" errors="0" timestamp="2022-09-07T11:38:20 IST" skipped="0">
  <testcase classname="practice2.MultipleWindowHandle" name="handleWindows" time="9.772"/>
  <system-out/>
</testsuite> <!-- practice2.MultipleWindowHandle -->
