<?xml version="1.0" encoding="UTF-8"?>
<!-- Generated by org.testng.reporters.JUnitReportReporter -->
<testsuite hostname="LAPTOP-J9BJJDIO" failures="0" tests="1" name="practice2.ActionsClass" time="7.679" errors="0" timestamp="2022-09-13T12:22:11 IST" skipped="0">
  <testcase classname="practice2.ActionsClass" name="Actions" time="7.679"/>
  <system-out/>
</testsuite> <!-- practice2.ActionsClass -->
